<?xml version="1.0" encoding="UTF-8"?>
<testng-results skipped="1" failed="0" ignored="0" total="2" passed="1">
  <reporter-output>
  </reporter-output>
  <suite name="Default suite" duration-ms="53" started-at="2020-04-19T12:03:08Z" finished-at="2020-04-19T12:03:08Z">
    <groups>
    </groups>
    <test name="Default test" duration-ms="53" started-at="2020-04-19T12:03:08Z" finished-at="2020-04-19T12:03:08Z">
      <class name="sprint1.Payment">
        <test-method status="PASS" signature="startReport()[pri:0, instance:sprint1.Payment@9629756]" name="startReport" is-config="true" duration-ms="486" started-at="2020-04-19T17:33:07Z" finished-at="2020-04-19T17:33:08Z">
          <reporter-output>
          </reporter-output>
        </test-method> <!-- startReport -->
        <test-method status="PASS" signature="LaunchBrowser(java.lang.String, java.lang.String)[pri:0, instance:sprint1.Payment@9629756]" name="LaunchBrowser" is-config="true" duration-ms="4" started-at="2020-04-19T17:33:08Z" finished-at="2020-04-19T17:33:08Z">
          <params>
            <param index="0">
              <value>
                <![CDATA[chrome]]>
              </value>
            </param>
            <param index="1">
              <value>
                <![CDATA[www.google.com]]>
              </value>
            </param>
          </params>
          <reporter-output>
          </reporter-output>
        </test-method> <!-- LaunchBrowser -->
        <test-method status="PASS" signature="tc04(java.lang.String, java.lang.String)[pri:0, instance:sprint1.Payment@9629756]" name="tc04" duration-ms="6" started-at="2020-04-19T17:33:08Z" data-provider="getdata" finished-at="2020-04-19T17:33:08Z">
          <params>
            <param index="0">
              <value>
                <![CDATA[un1]]>
              </value>
            </param>
            <param index="1">
              <value>
                <![CDATA[pwd1]]>
              </value>
            </param>
          </params>
          <reporter-output>
          </reporter-output>
        </test-method> <!-- tc04 -->
        <test-method status="PASS" signature="Closebrowser()[pri:0, instance:sprint1.Payment@9629756]" name="Closebrowser" is-config="true" duration-ms="0" started-at="2020-04-19T17:33:08Z" finished-at="2020-04-19T17:33:08Z">
          <reporter-output>
          </reporter-output>
        </test-method> <!-- Closebrowser -->
        <test-method status="FAIL" signature="getResult(org.testng.ITestResult)[pri:0, instance:sprint1.Payment@9629756]" name="getResult" is-config="true" duration-ms="3" started-at="2020-04-19T17:33:08Z" finished-at="2020-04-19T17:33:08Z">
          <params>
            <param index="0">
              <value>
                <![CDATA[[TestResult name=tc04 status=SUCCESS method=Payment.tc04(java.lang.String, java.lang.String)[pri:0, instance:sprint1.Payment@9629756] output={null}]]]>
              </value>
            </param>
          </params>
          <exception class="java.lang.NullPointerException">
            <full-stacktrace>
              <![CDATA[java.lang.NullPointerException
	at sprint1.Base.getResult(Base.java:52)
	at sun.reflect.NativeMethodAccessorImpl.invoke0(Native Method)
	at sun.reflect.NativeMethodAccessorImpl.invoke(Unknown Source)
	at sun.reflect.DelegatingMethodAccessorImpl.invoke(Unknown Source)
	at java.lang.reflect.Method.invoke(Unknown Source)
	at org.testng.internal.MethodInvocationHelper.invokeMethod(MethodInvocationHelper.java:108)
	at org.testng.internal.Invoker.invokeConfigurationMethod(Invoker.java:523)
	at org.testng.internal.Invoker.invokeConfigurations(Invoker.java:224)
	at org.testng.internal.Invoker.invokeMethod(Invoker.java:723)
	at org.testng.internal.Invoker.invokeTestMethod(Invoker.java:869)
	at org.testng.internal.Invoker.invokeTestMethods(Invoker.java:1193)
	at org.testng.internal.TestMethodWorker.invokeTestMethods(TestMethodWorker.java:126)
	at org.testng.internal.TestMethodWorker.run(TestMethodWorker.java:109)
	at org.testng.TestRunner.privateRun(TestRunner.java:744)
	at org.testng.TestRunner.run(TestRunner.java:602)
	at org.testng.SuiteRunner.runTest(SuiteRunner.java:380)
	at org.testng.SuiteRunner.runSequentially(SuiteRunner.java:375)
	at org.testng.SuiteRunner.privateRun(SuiteRunner.java:340)
	at org.testng.SuiteRunner.run(SuiteRunner.java:289)
	at org.testng.SuiteRunnerWorker.runSuite(SuiteRunnerWorker.java:52)
	at org.testng.SuiteRunnerWorker.run(SuiteRunnerWorker.java:86)
	at org.testng.TestNG.runSuitesSequentially(TestNG.java:1301)
	at org.testng.TestNG.runSuitesLocally(TestNG.java:1226)
	at org.testng.TestNG.runSuites(TestNG.java:1144)
	at org.testng.TestNG.run(TestNG.java:1115)
	at org.testng.remote.AbstractRemoteTestNG.run(AbstractRemoteTestNG.java:132)
	at org.testng.remote.RemoteTestNG.initAndRun(RemoteTestNG.java:230)
	at org.testng.remote.RemoteTestNG.main(RemoteTestNG.java:76)
]]>
            </full-stacktrace>
          </exception> <!-- java.lang.NullPointerException -->
          <reporter-output>
          </reporter-output>
        </test-method> <!-- getResult -->
        <test-method status="SKIP" signature="LaunchBrowser(java.lang.String, java.lang.String)[pri:0, instance:sprint1.Payment@9629756]" name="LaunchBrowser" is-config="true" duration-ms="0" started-at="2020-04-19T17:33:08Z" finished-at="2020-04-19T17:33:08Z">
          <reporter-output>
          </reporter-output>
        </test-method> <!-- LaunchBrowser -->
        <test-method status="SKIP" signature="tc04(java.lang.String, java.lang.String)[pri:0, instance:sprint1.Payment@9629756]" name="tc04" duration-ms="0" started-at="2020-04-19T17:33:08Z" data-provider="getdata" finished-at="2020-04-19T17:33:08Z">
          <exception class="java.lang.NullPointerException">
            <full-stacktrace>
              <![CDATA[java.lang.NullPointerException
	at sprint1.Base.getResult(Base.java:52)
	at sun.reflect.NativeMethodAccessorImpl.invoke0(Native Method)
	at sun.reflect.NativeMethodAccessorImpl.invoke(Unknown Source)
	at sun.reflect.DelegatingMethodAccessorImpl.invoke(Unknown Source)
	at java.lang.reflect.Method.invoke(Unknown Source)
	at org.testng.internal.MethodInvocationHelper.invokeMethod(MethodInvocationHelper.java:108)
	at org.testng.internal.Invoker.invokeConfigurationMethod(Invoker.java:523)
	at org.testng.internal.Invoker.invokeConfigurations(Invoker.java:224)
	at org.testng.internal.Invoker.invokeMethod(Invoker.java:723)
	at org.testng.internal.Invoker.invokeTestMethod(Invoker.java:869)
	at org.testng.internal.Invoker.invokeTestMethods(Invoker.java:1193)
	at org.testng.internal.TestMethodWorker.invokeTestMethods(TestMethodWorker.java:126)
	at org.testng.internal.TestMethodWorker.run(TestMethodWorker.java:109)
	at org.testng.TestRunner.privateRun(TestRunner.java:744)
	at org.testng.TestRunner.run(TestRunner.java:602)
	at org.testng.SuiteRunner.runTest(SuiteRunner.java:380)
	at org.testng.SuiteRunner.runSequentially(SuiteRunner.java:375)
	at org.testng.SuiteRunner.privateRun(SuiteRunner.java:340)
	at org.testng.SuiteRunner.run(SuiteRunner.java:289)
	at org.testng.SuiteRunnerWorker.runSuite(SuiteRunnerWorker.java:52)
	at org.testng.SuiteRunnerWorker.run(SuiteRunnerWorker.java:86)
	at org.testng.TestNG.runSuitesSequentially(TestNG.java:1301)
	at org.testng.TestNG.runSuitesLocally(TestNG.java:1226)
	at org.testng.TestNG.runSuites(TestNG.java:1144)
	at org.testng.TestNG.run(TestNG.java:1115)
	at org.testng.remote.AbstractRemoteTestNG.run(AbstractRemoteTestNG.java:132)
	at org.testng.remote.RemoteTestNG.initAndRun(RemoteTestNG.java:230)
	at org.testng.remote.RemoteTestNG.main(RemoteTestNG.java:76)
]]>
            </full-stacktrace>
          </exception> <!-- java.lang.NullPointerException -->
          <reporter-output>
          </reporter-output>
        </test-method> <!-- tc04 -->
        <test-method status="SKIP" signature="endReport()[pri:0, instance:sprint1.Payment@9629756]" name="endReport" is-config="true" duration-ms="0" started-at="2020-04-19T17:33:08Z" finished-at="2020-04-19T17:33:08Z">
          <reporter-output>
          </reporter-output>
        </test-method> <!-- endReport -->
      </class> <!-- sprint1.Payment -->
    </test> <!-- Default test -->
  </suite> <!-- Default suite -->
</testng-results>
