<?xml version="1.0" encoding="UTF-8"?>
<testng-results skipped="0" failed="0" ignored="0" total="1" passed="1">
  <reporter-output>
  </reporter-output>
  <suite name="Default suite" duration-ms="3603" started-at="2020-07-05T18:20:29Z" finished-at="2020-07-05T18:20:32Z">
    <groups>
    </groups>
    <test name="Default test" duration-ms="3603" started-at="2020-07-05T18:20:29Z" finished-at="2020-07-05T18:20:32Z">
      <class name="RESTAPI_bdd.API_get">
        <test-method status="PASS" signature="get_singleUser()[pri:0, instance:RESTAPI_bdd.API_get@14acaea5]" name="get_singleUser" duration-ms="3574" started-at="2020-07-05T23:50:29Z" finished-at="2020-07-05T23:50:32Z">
          <reporter-output>
          </reporter-output>
        </test-method> <!-- get_singleUser -->
      </class> <!-- RESTAPI_bdd.API_get -->
    </test> <!-- Default test -->
  </suite> <!-- Default suite -->
</testng-results>
