<?xml version="1.0" encoding="UTF-8"?>
<!-- Generated by org.testng.reporters.JUnitXMLReporter -->
<testsuite hostname="DESKTOP-AMC0CO2" ignored="6" name="AndroidTablet_Misc" tests="1" failures="0" timestamp="28 Jan 2020 14:12:23 GMT" time="43.076" errors="0">
  <testcase name="Misc_97_CheckTabSearchContactByNumber" time="7.085" classname="cDigitsTC_Misc.Misc_TEST_Tablet"/>
  <testcase name="Misc_220_CheckSelectNumberOptionCALLTab" time="0.0" classname="cDigitsTC_Misc.Misc_TEST_Tablet">
    <ignored/>
  </testcase> <!-- Misc_220_CheckSelectNumberOptionCALLTab -->
  <testcase name="Misc_26_VerifyLineFilterForCallsTab" time="0.0" classname="cDigitsTC_Misc.Misc_TEST_Tablet">
    <ignored/>
  </testcase> <!-- Misc_26_VerifyLineFilterForCallsTab -->
  <testcase name="Misc_95_CheckTabSearchContactByFirstName" time="0.0" classname="cDigitsTC_Misc.Misc_TEST_Tablet">
    <ignored/>
  </testcase> <!-- Misc_95_CheckTabSearchContactByFirstName -->
  <testcase name="Misc_96_CheckTabSearchContactByLastName" time="0.0" classname="cDigitsTC_Misc.Misc_TEST_Tablet">
    <ignored/>
  </testcase> <!-- Misc_96_CheckTabSearchContactByLastName -->
  <testcase name="Misc_25_VerifyLineFilterForMessagesTab" time="0.0" classname="cDigitsTC_Misc.Misc_TEST_Tablet">
    <ignored/>
  </testcase> <!-- Misc_25_VerifyLineFilterForMessagesTab -->
  <testcase name="Misc_219_CheckSelectNumberOptionMSGTab" time="0.0" classname="cDigitsTC_Misc.Misc_TEST_Tablet">
    <ignored/>
  </testcase> <!-- Misc_219_CheckSelectNumberOptionMSGTab -->
</testsuite> <!-- AndroidTablet_Misc -->
