<?xml version="1.0" encoding="UTF-8"?>
<!-- Generated by org.testng.reporters.JUnitXMLReporter -->
<testsuite hostname="DESKTOP-AMC0CO2" ignored="22" name="AndroidPhone_Misc" tests="3" failures="0" timestamp="28 Jan 2020 13:49:44 GMT" time="137.312" errors="0">
  <testcase name="Misc_92_CheckSearchContactByFirstName" time="4.886" classname="cDigitsTC_Misc.Misc_TEST_AndroidPhone"/>
  <testcase name="Misc_93_CheckSearchContactByLastName" time="4.592" classname="cDigitsTC_Misc.Misc_TEST_AndroidPhone"/>
  <testcase name="Misc_94_CheckSearchContactByNumber" time="3.979" classname="cDigitsTC_Misc.Misc_TEST_AndroidPhone"/>
  <testcase name="Misc_199_VerifyPictureRecevied" time="0.0" classname="cDigitsTC_Misc.Misc_TEST_AndroidPhone">
    <ignored/>
  </testcase> <!-- Misc_199_VerifyPictureRecevied -->
  <testcase name="Misc_200_VerifyPictureReceviedTab" time="0.0" classname="cDigitsTC_Misc.Misc_TEST_AndroidPhone">
    <ignored/>
  </testcase> <!-- Misc_200_VerifyPictureReceviedTab -->
  <testcase name="Misc_69_checkCallLogOnAndroidPhone" time="0.0" classname="cDigitsTC_Misc.Misc_TEST_AndroidPhone">
    <ignored/>
  </testcase> <!-- Misc_69_checkCallLogOnAndroidPhone -->
  <testcase name="Misc_203_VerifySenderParticipitant" time="0.0" classname="cDigitsTC_Misc.Misc_TEST_AndroidPhone">
    <ignored/>
  </testcase> <!-- Misc_203_VerifySenderParticipitant -->
  <testcase name="Misc_70_checkCallLogOnTab" time="0.0" classname="cDigitsTC_Misc.Misc_TEST_AndroidPhone">
    <ignored/>
  </testcase> <!-- Misc_70_checkCallLogOnTab -->
  <testcase name="Misc_73_checkMsgLogAndroidPhone" time="0.0" classname="cDigitsTC_Misc.Misc_TEST_AndroidPhone">
    <ignored/>
  </testcase> <!-- Misc_73_checkMsgLogAndroidPhone -->
  <testcase name="Misc_212_CheckSelectNumberOptioninCALL" time="0.0" classname="cDigitsTC_Misc.Misc_TEST_AndroidPhone">
    <ignored/>
  </testcase> <!-- Misc_212_CheckSelectNumberOptioninCALL -->
  <testcase name="Misc_11_checkPNSMsgLineActivatedAndroidPhone" time="0.0" classname="cDigitsTC_Misc.Misc_TEST_AndroidPhone">
    <ignored/>
  </testcase> <!-- Misc_11_checkPNSMsgLineActivatedAndroidPhone -->
  <testcase name="Misc_38_CheckMIssedCallLogs" time="0.0" classname="cDigitsTC_Misc.Misc_TEST_AndroidPhone">
    <ignored/>
  </testcase> <!-- Misc_38_CheckMIssedCallLogs -->
  <testcase name="Misc_81_checkPNSMsgLoginLineAndroidTablet" time="0.0" classname="cDigitsTC_Misc.Misc_TEST_AndroidPhone">
    <ignored/>
  </testcase> <!-- Misc_81_checkPNSMsgLoginLineAndroidTablet -->
  <testcase name="Misc_37_CheckAllCallLogs1" time="0.0" classname="cDigitsTC_Misc.Misc_TEST_AndroidPhone">
    <ignored/>
  </testcase> <!-- Misc_37_CheckAllCallLogs1 -->
  <testcase name="Misc_80_checkPNSMsgLoginLineAndroidPhone" time="0.0" classname="cDigitsTC_Misc.Misc_TEST_AndroidPhone">
    <ignored/>
  </testcase> <!-- Misc_80_checkPNSMsgLoginLineAndroidPhone -->
  <testcase name="Misc_74_checkMsgLogAndroidTab" time="0.0" classname="cDigitsTC_Misc.Misc_TEST_AndroidPhone">
    <ignored/>
  </testcase> <!-- Misc_74_checkMsgLogAndroidTab -->
  <testcase name="Misc_196_VerifyGroupMessagePNSAndIndicationTab" time="0.0" classname="cDigitsTC_Misc.Misc_TEST_AndroidPhone">
    <ignored/>
  </testcase> <!-- Misc_196_VerifyGroupMessagePNSAndIndicationTab -->
  <testcase name="Misc_40_CheckMIssedCallLogs" time="0.0" classname="cDigitsTC_Misc.Misc_TEST_AndroidPhone">
    <ignored/>
  </testcase> <!-- Misc_40_CheckMIssedCallLogs -->
  <testcase name="Misc_9_checkPNSMsgLoginAndroidPhone" time="0.0" classname="cDigitsTC_Misc.Misc_TEST_AndroidPhone">
    <ignored/>
  </testcase> <!-- Misc_9_checkPNSMsgLoginAndroidPhone -->
  <testcase name="Misc_88_VerifyEveryLineReceivedMessage" time="0.0" classname="cDigitsTC_Misc.Misc_TEST_AndroidPhone">
    <ignored/>
  </testcase> <!-- Misc_88_VerifyEveryLineReceivedMessage -->
  <testcase name="Misc_195_VerifyGroupMessagePNSAndIndication" time="0.0" classname="cDigitsTC_Misc.Misc_TEST_AndroidPhone">
    <ignored/>
  </testcase> <!-- Misc_195_VerifyGroupMessagePNSAndIndication -->
  <testcase name="Misc_211_CheckSelectNumberOptioninMSG" time="0.0" classname="cDigitsTC_Misc.Misc_TEST_AndroidPhone">
    <ignored/>
  </testcase> <!-- Misc_211_CheckSelectNumberOptioninMSG -->
  <testcase name="Misc_204_VerifySenderParticipitantTab" time="0.0" classname="cDigitsTC_Misc.Misc_TEST_AndroidPhone">
    <ignored/>
  </testcase> <!-- Misc_204_VerifySenderParticipitantTab -->
  <testcase name="Misc_89_VerifyEveryLineReceivedMessageTab" time="0.0" classname="cDigitsTC_Misc.Misc_TEST_AndroidPhone">
    <ignored/>
  </testcase> <!-- Misc_89_VerifyEveryLineReceivedMessageTab -->
  <testcase name="Misc_39_CheckAllCallLogs" time="0.0" classname="cDigitsTC_Misc.Misc_TEST_AndroidPhone">
    <ignored/>
  </testcase> <!-- Misc_39_CheckAllCallLogs -->
</testsuite> <!-- AndroidPhone_Misc -->
