<?xml version="1.0" encoding="UTF-8"?>
<!-- Generated by org.testng.reporters.JUnitXMLReporter -->
<testsuite hostname="verveba_pune_10" ignored="0" name="AndroidPhone_Contacts" tests="7" failures="0" timestamp="23 Jan 2020 14:15:26 GMT" time="153.587" errors="0">
  <testcase name="@BeforeMethod runBeforeMethod" time="19.799" classname="cDigitsTC_Contacts.Contact_Test">
    <failure type="java.lang.ArrayIndexOutOfBoundsException" message="1">
      <![CDATA[java.lang.ArrayIndexOutOfBoundsException: 1
at supportForTC.BeforeAfterTest.runBeforeMethod(BeforeAfterTest.java:73)
at cDigitsTC_Contacts.Contact_Test.runBeforeMethod(Contact_Test.java:123)
... Removed 28 stack frames]]>
    </failure>
  </testcase> <!-- @BeforeMethod runBeforeMethod -->
  <testcase name="@BeforeMethod runBeforeMethod" time="20.899" classname="cDigitsTC_Contacts.Contact_Test">
    <failure type="java.lang.ArrayIndexOutOfBoundsException" message="1">
      <![CDATA[java.lang.ArrayIndexOutOfBoundsException: 1
at supportForTC.BeforeAfterTest.runBeforeMethod(BeforeAfterTest.java:73)
at cDigitsTC_Contacts.Contact_Test.runBeforeMethod(Contact_Test.java:123)
... Removed 28 stack frames]]>
    </failure>
  </testcase> <!-- @BeforeMethod runBeforeMethod -->
  <testcase name="@BeforeMethod runBeforeMethod" time="19.737" classname="cDigitsTC_Contacts.Contact_Test">
    <failure type="java.lang.ArrayIndexOutOfBoundsException" message="1">
      <![CDATA[java.lang.ArrayIndexOutOfBoundsException: 1
at supportForTC.BeforeAfterTest.runBeforeMethod(BeforeAfterTest.java:73)
at cDigitsTC_Contacts.Contact_Test.runBeforeMethod(Contact_Test.java:123)
... Removed 28 stack frames]]>
    </failure>
  </testcase> <!-- @BeforeMethod runBeforeMethod -->
  <testcase name="@BeforeMethod runBeforeMethod" time="20.129" classname="cDigitsTC_Contacts.Contact_Test">
    <failure type="java.lang.ArrayIndexOutOfBoundsException" message="1">
      <![CDATA[java.lang.ArrayIndexOutOfBoundsException: 1
at supportForTC.BeforeAfterTest.runBeforeMethod(BeforeAfterTest.java:73)
at cDigitsTC_Contacts.Contact_Test.runBeforeMethod(Contact_Test.java:123)
... Removed 28 stack frames]]>
    </failure>
  </testcase> <!-- @BeforeMethod runBeforeMethod -->
  <testcase name="@BeforeMethod runBeforeMethod" time="19.953" classname="cDigitsTC_Contacts.Contact_Test">
    <failure type="java.lang.ArrayIndexOutOfBoundsException" message="1">
      <![CDATA[java.lang.ArrayIndexOutOfBoundsException: 1
at supportForTC.BeforeAfterTest.runBeforeMethod(BeforeAfterTest.java:73)
at cDigitsTC_Contacts.Contact_Test.runBeforeMethod(Contact_Test.java:123)
... Removed 28 stack frames]]>
    </failure>
  </testcase> <!-- @BeforeMethod runBeforeMethod -->
  <testcase name="@BeforeMethod runBeforeMethod" time="20.473" classname="cDigitsTC_Contacts.Contact_Test">
    <failure type="java.lang.ArrayIndexOutOfBoundsException" message="1">
      <![CDATA[java.lang.ArrayIndexOutOfBoundsException: 1
at supportForTC.BeforeAfterTest.runBeforeMethod(BeforeAfterTest.java:73)
at cDigitsTC_Contacts.Contact_Test.runBeforeMethod(Contact_Test.java:123)
... Removed 28 stack frames]]>
    </failure>
  </testcase> <!-- @BeforeMethod runBeforeMethod -->
  <testcase name="@BeforeMethod runBeforeMethod" time="20.003" classname="cDigitsTC_Contacts.Contact_Test">
    <failure type="java.lang.ArrayIndexOutOfBoundsException" message="1">
      <![CDATA[java.lang.ArrayIndexOutOfBoundsException: 1
at supportForTC.BeforeAfterTest.runBeforeMethod(BeforeAfterTest.java:73)
at cDigitsTC_Contacts.Contact_Test.runBeforeMethod(Contact_Test.java:123)
... Removed 28 stack frames]]>
    </failure>
  </testcase> <!-- @BeforeMethod runBeforeMethod -->
  <testcase name="Contacts_43834_VerifyAddContact" time="0.0" classname="cDigitsTC_Contacts.Contact_Test">
    <skipped/>
  </testcase> <!-- Contacts_43834_VerifyAddContact -->
  <testcase name="Contacts_43835_VerifyDeleteContact" time="0.0" classname="cDigitsTC_Contacts.Contact_Test">
    <skipped/>
  </testcase> <!-- Contacts_43835_VerifyDeleteContact -->
  <testcase name="Contacts_43836_VerifyCall" time="0.0" classname="cDigitsTC_Contacts.Contact_Test">
    <skipped/>
  </testcase> <!-- Contacts_43836_VerifyCall -->
  <testcase name="Contacts_43837_VerifyMessageSend" time="0.0" classname="cDigitsTC_Contacts.Contact_Test">
    <skipped/>
  </testcase> <!-- Contacts_43837_VerifyMessageSend -->
  <testcase name="Contacts_43838_CheckSyncContactFromCloud" time="0.0" classname="cDigitsTC_Contacts.Contact_Test">
    <skipped/>
  </testcase> <!-- Contacts_43838_CheckSyncContactFromCloud -->
  <testcase name="Contacts_43839_AddRemoveFavorite" time="0.0" classname="cDigitsTC_Contacts.Contact_Test">
    <skipped/>
  </testcase> <!-- Contacts_43839_AddRemoveFavorite -->
  <testcase name="Contacts_46087_CheckForPCCSCCContact" time="0.0" classname="cDigitsTC_Contacts.Contact_Test">
    <skipped/>
  </testcase> <!-- Contacts_46087_CheckForPCCSCCContact -->
</testsuite> <!-- AndroidPhone_Contacts -->
