<?xml version="1.0" encoding="UTF-8"?>
<!-- Generated by org.testng.reporters.JUnitXMLReporter -->
<testsuite hostname="LAPTOP-PBBD9CU0" ignored="0" name="Tablet_UI" tests="1" failures="0" timestamp="26 Aug 2019 11:08:25 GMT" time="58.773" errors="0">
  <testcase name="@AfterTest afterTestCompleted" time="0.134" classname="cdigitsTC_UI.Login_Tests">
    <failure type="org.openqa.selenium.WebDriverException" message="An unknown server-side error occurred while processing the command. Original error: Could not proxy. Proxy error: Could not proxy command to remote server. Original error: 404 - undefined
Build info: version: &amp;apos;3.141.59&amp;apos;, revision: &amp;apos;e82be7d358&amp;apos;, time: &amp;apos;2018-11-14T08:17:03&amp;apos;
System info: host: &amp;apos;LAPTOP-PBBD9CU0&amp;apos;, ip: &amp;apos;192.168.159.1&amp;apos;, os.name: &amp;apos;Windows 10&amp;apos;, os.arch: &amp;apos;amd64&amp;apos;, os.version: &amp;apos;10.0&amp;apos;, java.version: &amp;apos;1.8.0_211&amp;apos;
Driver info: io.appium.java_client.android.AndroidDriver
Capabilities {appActivity: com.mavenir.ucc.ui.activity..., appPackage: com.mavenir.ucctest, automationName: uiautomator2, databaseEnabled: false, desired: {appActivity: com.mavenir.ucc.ui.activity..., appPackage: com.mavenir.ucctest, automationName: uiautomator2, deviceName: 4cbaa327, newCommandTimeout: 600, noReset: true, platformName: android, udid: 4cbaa327}, deviceApiLevel: 25, deviceManufacturer: samsung, deviceModel: SM-T355Y, deviceName: 4cbaa327, deviceScreenDensity: 160, deviceScreenSize: 768x1024, deviceUDID: 4cbaa327, javascriptEnabled: true, locationContextEnabled: false, networkConnectionEnabled: true, newCommandTimeout: 600, noReset: true, pixelRatio: 1, platform: LINUX, platformName: Android, platformVersion: 7.1.1, statBarHeight: 24, takesScreenshot: true, udid: 4cbaa327, viewportRect: {height: 1000, left: 0, top: 24, width: 768}, warnings: {}, webStorageEnabled: false}
Session ID: dda13e48-802a-487b-ac64-146fff7d3862">
      <![CDATA[org.openqa.selenium.WebDriverException: An unknown server-side error occurred while processing the command. Original error: Could not proxy. Proxy error: Could not proxy command to remote server. Original error: 404 - undefined
Build info: version: '3.141.59', revision: 'e82be7d358', time: '2018-11-14T08:17:03'
System info: host: 'LAPTOP-PBBD9CU0', ip: '192.168.159.1', os.name: 'Windows 10', os.arch: 'amd64', os.version: '10.0', java.version: '1.8.0_211'
Driver info: io.appium.java_client.android.AndroidDriver
Capabilities {appActivity: com.mavenir.ucc.ui.activity..., appPackage: com.mavenir.ucctest, automationName: uiautomator2, databaseEnabled: false, desired: {appActivity: com.mavenir.ucc.ui.activity..., appPackage: com.mavenir.ucctest, automationName: uiautomator2, deviceName: 4cbaa327, newCommandTimeout: 600, noReset: true, platformName: android, udid: 4cbaa327}, deviceApiLevel: 25, deviceManufacturer: samsung, deviceModel: SM-T355Y, deviceName: 4cbaa327, deviceScreenDensity: 160, deviceScreenSize: 768x1024, deviceUDID: 4cbaa327, javascriptEnabled: true, locationContextEnabled: false, networkConnectionEnabled: true, newCommandTimeout: 600, noReset: true, pixelRatio: 1, platform: LINUX, platformName: Android, platformVersion: 7.1.1, statBarHeight: 24, takesScreenshot: true, udid: 4cbaa327, viewportRect: {height: 1000, left: 0, top: 24, width: 768}, warnings: {}, webStorageEnabled: false}
Session ID: dda13e48-802a-487b-ac64-146fff7d3862
at org.openqa.selenium.remote.http.W3CHttpResponseCodec.createException(W3CHttpResponseCodec.java:187)
at org.openqa.selenium.remote.http.W3CHttpResponseCodec.decode(W3CHttpResponseCodec.java:122)
at org.openqa.selenium.remote.http.W3CHttpResponseCodec.decode(W3CHttpResponseCodec.java:49)
at org.openqa.selenium.remote.HttpCommandExecutor.execute(HttpCommandExecutor.java:158)
at io.appium.java_client.remote.AppiumCommandExecutor.execute(AppiumCommandExecutor.java:239)
at org.openqa.selenium.remote.RemoteWebDriver.execute(RemoteWebDriver.java:552)
at io.appium.java_client.DefaultGenericMobileDriver.execute(DefaultGenericMobileDriver.java:46)
at io.appium.java_client.AppiumDriver.execute(AppiumDriver.java:1)
at io.appium.java_client.android.AndroidDriver.execute(AndroidDriver.java:1)
at org.openqa.selenium.remote.RemoteWebDriver.close(RemoteWebDriver.java:442)
at cdigitsTC_UI.Login_Tests.afterTestCompleted(Login_Tests.java:374)
... Removed 28 stack frames]]>
    </failure>
  </testcase> <!-- @AfterTest afterTestCompleted -->
  <testcase name="UI_46100_CheckTabSelectedContactTab" time="23.841" classname="cdigitsTC_UI.Tablet_Contacts_Tests"/>
</testsuite> <!-- Tablet_UI -->
